빌드 시작: 2023-04-20 오전 4:43:55
로깅의 세부 정보 표시가 Normal(으)로 설정되었습니다.     1>2 노드의 "C:\Users\tkdwl\source\repos\ds 5.2 cpp\ds 5.2 cpp\ds 5.2 cpp.vcxproj" 프로젝트(Build 대상)입니다.
     1>InitializeBuildStatus:
         "AlwaysCreate"이(가) 지정되었기 때문에 "x64\Debug\ds 5.2 cpp.tlog\unsuccessfulbuild"을(를) 만들고 있습니다.
       ClCompile:
         C:\Program Files\Microsoft Visual Studio\2022\Community\VC\Tools\MSVC\14.35.32215\bin\HostX64\x64\CL.exe /c /ZI /JMC /nologo /W3 /WX- /diagnostics:column /sdl /Od /D _DEBUG /D _CONSOLE /D _UNICODE /D UNICODE /Gm- /EHsc /RTC1 /MDd /GS /fp:precise /Zc:wchar_t /Zc:forScope /Zc:inline /permissive- /Fo"x64\Debug\\" /Fd"x64\Debug\vc143.pdb" /external:W3 /Gd /TP /FC /errorReport:prompt "소스.cpp"
         소스.cpp
     1>C:\Users\tkdwl\source\repos\ds 5.2 cpp\ds 5.2 cpp\소스.cpp(78,29): warning C4267: '초기화 중': 'size_t'에서 'int'(으)로 변환하면서 데이터가 손실될 수 있습니다.
     1>C:\Users\tkdwl\source\repos\ds 5.2 cpp\ds 5.2 cpp\소스.cpp(130,28): warning C4267: '초기화 중': 'size_t'에서 'int'(으)로 변환하면서 데이터가 손실될 수 있습니다.
     1>C:\Users\tkdwl\source\repos\ds 5.2 cpp\ds 5.2 cpp\소스.cpp(146,31): warning C4267: '초기화 중': 'size_t'에서 'int'(으)로 변환하면서 데이터가 손실될 수 있습니다.
     1>C:\Users\tkdwl\source\repos\ds 5.2 cpp\ds 5.2 cpp\헤더.hpp(55): warning C4715: 'ArrStack<int>::Stack_Pop': 모든 제어 경로에서 값을 반환하지는 않습니다.
     1>C:\Users\tkdwl\source\repos\ds 5.2 cpp\ds 5.2 cpp\헤더.hpp(55): warning C4715: 'ArrStack<char>::Stack_Pop': 모든 제어 경로에서 값을 반환하지는 않습니다.
     1>C:\Users\tkdwl\source\repos\ds 5.2 cpp\ds 5.2 cpp\헤더.hpp(67): warning C4715: 'ArrStack<char>::Stack_Peek': 모든 제어 경로에서 값을 반환하지는 않습니다.
       Link:
         C:\Program Files\Microsoft Visual Studio\2022\Community\VC\Tools\MSVC\14.35.32215\bin\HostX64\x64\link.exe /ERRORREPORT:PROMPT /OUT:"C:\Users\tkdwl\source\repos\ds 5.2 cpp\x64\Debug\ds 5.2 cpp.exe" /INCREMENTAL /ILK:"x64\Debug\ds 5.2 cpp.ilk" /NOLOGO kernel32.lib user32.lib gdi32.lib winspool.lib comdlg32.lib advapi32.lib shell32.lib ole32.lib oleaut32.lib uuid.lib odbc32.lib odbccp32.lib /MANIFEST /MANIFESTUAC:"level='asInvoker' uiAccess='false'" /manifest:embed /DEBUG /PDB:"C:\Users\tkdwl\source\repos\ds 5.2 cpp\x64\Debug\ds 5.2 cpp.pdb" /SUBSYSTEM:CONSOLE /TLBID:1 /DYNAMICBASE /NXCOMPAT /IMPLIB:"C:\Users\tkdwl\source\repos\ds 5.2 cpp\x64\Debug\ds 5.2 cpp.lib" /MACHINE:X64 "x64\Debug\소스.obj"
         ds 5.2 cpp.vcxproj -> C:\Users\tkdwl\source\repos\ds 5.2 cpp\x64\Debug\ds 5.2 cpp.exe
       FinalizeBuildStatus:
         "x64\Debug\ds 5.2 cpp.tlog\unsuccessfulbuild" 파일을 삭제하고 있습니다.
         "x64\Debug\ds 5.2 cpp.tlog\ds 5.2 cpp.lastbuildstate"에 연결(touching)하고 있습니다.
     1>"C:\Users\tkdwl\source\repos\ds 5.2 cpp\ds 5.2 cpp\ds 5.2 cpp.vcxproj" 프로젝트를 빌드했습니다(Build 대상).

빌드했습니다.

       "C:\Users\tkdwl\source\repos\ds 5.2 cpp\ds 5.2 cpp\ds 5.2 cpp.vcxproj"(Build 대상)(1) ->
       (ClCompile 대상) -> 
         C:\Users\tkdwl\source\repos\ds 5.2 cpp\ds 5.2 cpp\소스.cpp(78,29): warning C4267: '초기화 중': 'size_t'에서 'int'(으)로 변환하면서 데이터가 손실될 수 있습니다.
         C:\Users\tkdwl\source\repos\ds 5.2 cpp\ds 5.2 cpp\소스.cpp(130,28): warning C4267: '초기화 중': 'size_t'에서 'int'(으)로 변환하면서 데이터가 손실될 수 있습니다.
         C:\Users\tkdwl\source\repos\ds 5.2 cpp\ds 5.2 cpp\소스.cpp(146,31): warning C4267: '초기화 중': 'size_t'에서 'int'(으)로 변환하면서 데이터가 손실될 수 있습니다.
         C:\Users\tkdwl\source\repos\ds 5.2 cpp\ds 5.2 cpp\헤더.hpp(55): warning C4715: 'ArrStack<int>::Stack_Pop': 모든 제어 경로에서 값을 반환하지는 않습니다.
         C:\Users\tkdwl\source\repos\ds 5.2 cpp\ds 5.2 cpp\헤더.hpp(55): warning C4715: 'ArrStack<char>::Stack_Pop': 모든 제어 경로에서 값을 반환하지는 않습니다.
         C:\Users\tkdwl\source\repos\ds 5.2 cpp\ds 5.2 cpp\헤더.hpp(67): warning C4715: 'ArrStack<char>::Stack_Peek': 모든 제어 경로에서 값을 반환하지는 않습니다.

    경고 6개
    오류 0개

경과 시간: 00:00:00.96
