빌드 시작: 2023-04-19 오후 1:18:31
로깅의 세부 정보 표시가 Normal(으)로 설정되었습니다.     1>2 노드의 "C:\Users\tkdwl\OneDrive\바탕 화면\자료구조\DataStructure\DS_03_20200812_이상진_P3.3\ds 3.3\ds 3.3\ds 3.3.vcxproj" 프로젝트(Build 대상)입니다.
     1>InitializeBuildStatus:
         "AlwaysCreate"이(가) 지정되었기 때문에 "x64\Debug\ds 3.3.tlog\unsuccessfulbuild"을(를) 만들고 있습니다.
       ClCompile:
         C:\Program Files\Microsoft Visual Studio\2022\Community\VC\Tools\MSVC\14.35.32215\bin\HostX64\x64\CL.exe /c /ZI /JMC /nologo /W3 /WX- /diagnostics:column /sdl /Od /D _DEBUG /D _CONSOLE /D _UNICODE /D UNICODE /Gm- /EHsc /RTC1 /MDd /GS /fp:precise /Zc:wchar_t /Zc:forScope /Zc:inline /permissive- /Fo"x64\Debug\\" /Fd"x64\Debug\vc143.pdb" /external:W3 /Gd /TC /FC /errorReport:prompt Main.c MyLinkedList.c
         Main.c
         MyLinkedList.c
         코드를 생성하고 있습니다...
     1>C:\Users\tkdwl\OneDrive\바탕 화면\자료구조\DataStructure\DS_03_20200812_이상진_P3.3\ds 3.3\ds 3.3\MyLinkedList.c(140): warning C4715: 'Search_Node': 모든 제어 경로에서 값을 반환하지는 않습니다.
       Link:
         C:\Program Files\Microsoft Visual Studio\2022\Community\VC\Tools\MSVC\14.35.32215\bin\HostX64\x64\link.exe /ERRORREPORT:PROMPT /OUT:"C:\Users\tkdwl\OneDrive\바탕 화면\자료구조\DataStructure\DS_03_20200812_이상진_P3.3\ds 3.3\x64\Debug\ds 3.3.exe" /INCREMENTAL /ILK:"x64\Debug\ds 3.3.ilk" /NOLOGO kernel32.lib user32.lib gdi32.lib winspool.lib comdlg32.lib advapi32.lib shell32.lib ole32.lib oleaut32.lib uuid.lib odbc32.lib odbccp32.lib /MANIFEST /MANIFESTUAC:"level='asInvoker' uiAccess='false'" /manifest:embed /DEBUG /PDB:"C:\Users\tkdwl\OneDrive\바탕 화면\자료구조\DataStructure\DS_03_20200812_이상진_P3.3\ds 3.3\x64\Debug\ds 3.3.pdb" /SUBSYSTEM:CONSOLE /TLBID:1 /DYNAMICBASE /NXCOMPAT /IMPLIB:"C:\Users\tkdwl\OneDrive\바탕 화면\자료구조\DataStructure\DS_03_20200812_이상진_P3.3\ds 3.3\x64\Debug\ds 3.3.lib" /MACHINE:X64 x64\Debug\Main.obj
         x64\Debug\MyLinkedList.obj
         ds 3.3.vcxproj -> C:\Users\tkdwl\OneDrive\바탕 화면\자료구조\DataStructure\DS_03_20200812_이상진_P3.3\ds 3.3\x64\Debug\ds 3.3.exe
       FinalizeBuildStatus:
         "x64\Debug\ds 3.3.tlog\unsuccessfulbuild" 파일을 삭제하고 있습니다.
         "x64\Debug\ds 3.3.tlog\ds 3.3.lastbuildstate"에 연결(touching)하고 있습니다.
     1>"C:\Users\tkdwl\OneDrive\바탕 화면\자료구조\DataStructure\DS_03_20200812_이상진_P3.3\ds 3.3\ds 3.3\ds 3.3.vcxproj" 프로젝트를 빌드했습니다(Build 대상).

빌드했습니다.

       "C:\Users\tkdwl\OneDrive\바탕 화면\자료구조\DataStructure\DS_03_20200812_이상진_P3.3\ds 3.3\ds 3.3\ds 3.3.vcxproj"(Build 대상)(1) ->
       (ClCompile 대상) -> 
         C:\Users\tkdwl\OneDrive\바탕 화면\자료구조\DataStructure\DS_03_20200812_이상진_P3.3\ds 3.3\ds 3.3\MyLinkedList.c(140): warning C4715: 'Search_Node': 모든 제어 경로에서 값을 반환하지는 않습니다.

    경고 1개
    오류 0개

경과 시간: 00:00:01.44
